<?xml version="1.0" encoding="UTF-8"?>
<!-- Generated by org.testng.reporters.JUnitReportReporter -->
<testsuite hostname="maat-VirtualBox" name="com.nackademin.mahmoud_ataei_assignment02.BasicalculatorTest" tests="11" failures="0" timestamp="11 Apr 2020 01:05:28 GMT" time="1.795" errors="0">
  <testcase name="testDivisionnPositive" time="0.028" classname="com.nackademin.mahmoud_ataei_assignment02.BasicalculatorTest"/>
  <testcase name="testMultiplikationPositive" time="0.066" classname="com.nackademin.mahmoud_ataei_assignment02.BasicalculatorTest"/>
  <testcase name="testAdditionPositive" time="0.049" classname="com.nackademin.mahmoud_ataei_assignment02.BasicalculatorTest"/>
  <testcase name="testAdditionNegative" time="0.057" classname="com.nackademin.mahmoud_ataei_assignment02.BasicalculatorTest"/>
  <testcase name="testSubtractionZero" time="0.012" classname="com.nackademin.mahmoud_ataei_assignment02.BasicalculatorTest"/>
  <testcase name="testMultiplikationZero" time="0.002" classname="com.nackademin.mahmoud_ataei_assignment02.BasicalculatorTest"/>
  <testcase name="testSubtractionPositive" time="0.051" classname="com.nackademin.mahmoud_ataei_assignment02.BasicalculatorTest"/>
  <testcase name="testSubtractionNegative" time="0.055" classname="com.nackademin.mahmoud_ataei_assignment02.BasicalculatorTest"/>
  <testcase name="testDivisionnNegative" time="1.422" classname="com.nackademin.mahmoud_ataei_assignment02.BasicalculatorTest"/>
  <testcase name="testMultiplikationNegative" time="0.042" classname="com.nackademin.mahmoud_ataei_assignment02.BasicalculatorTest"/>
  <testcase name="testAdditionZero" time="0.011" classname="com.nackademin.mahmoud_ataei_assignment02.BasicalculatorTest"/>
</testsuite> <!-- com.nackademin.mahmoud_ataei_assignment02.BasicalculatorTest -->
