<?xml version="1.0" encoding="UTF-8"?>
<!-- Generated by org.testng.reporters.JUnitReportReporter -->
<testsuite hostname="maat-VirtualBox" name="com.nackademin.mahmoud_ataei_assignment02.AdvancedCalculatorTest" tests="11" failures="0" timestamp="11 Apr 2020 01:05:28 GMT" time="6.782" errors="0">
  <testcase name="testAbsluteValuePositive" time="0.004" classname="com.nackademin.mahmoud_ataei_assignment02.AdvancedCalculatorTest"/>
  <testcase name="testSquareNegative" time="0.006" classname="com.nackademin.mahmoud_ataei_assignment02.AdvancedCalculatorTest"/>
  <testcase name="testLog" time="0.000" classname="com.nackademin.mahmoud_ataei_assignment02.AdvancedCalculatorTest"/>
  <testcase name="testSquarePositive" time="6.754" classname="com.nackademin.mahmoud_ataei_assignment02.AdvancedCalculatorTest"/>
  <testcase name="testSquareRootPositive" time="0.002" classname="com.nackademin.mahmoud_ataei_assignment02.AdvancedCalculatorTest"/>
  <testcase name="TestRaisedToThePowerOfPositive" time="0.004" classname="com.nackademin.mahmoud_ataei_assignment02.AdvancedCalculatorTest"/>
  <testcase name="testAbsluteValueZero" time="0.000" classname="com.nackademin.mahmoud_ataei_assignment02.AdvancedCalculatorTest"/>
  <testcase name="TestRaisedToThePowerOfNegative" time="0.003" classname="com.nackademin.mahmoud_ataei_assignment02.AdvancedCalculatorTest"/>
  <testcase name="testLogPositive" time="0.005" classname="com.nackademin.mahmoud_ataei_assignment02.AdvancedCalculatorTest"/>
  <testcase name="testAbsluteValueNegative" time="0.004" classname="com.nackademin.mahmoud_ataei_assignment02.AdvancedCalculatorTest"/>
  <testcase name="testSquareRootZero" time="0.000" classname="com.nackademin.mahmoud_ataei_assignment02.AdvancedCalculatorTest"/>
</testsuite> <!-- com.nackademin.mahmoud_ataei_assignment02.AdvancedCalculatorTest -->
